app/build/outputs/logs/manifest-merger-debug-report.txt
-- Merging decision tree log ---
manifest
ADDED from src\main\AndroidManifest.xml:2:1-183:12
	package
		ADDED from src\main\AndroidManifest.xml:3:5-18
		INJECTED from src\main\AndroidManifest.xml
		INJECTED from src\main\AndroidManifest.xml
	android:versionName
		ADDED from src\main\AndroidManifest.xml:5:5-32
		INJECTED from src\main\AndroidManifest.xml
		INJECTED from src\main\AndroidManifest.xml
	android:versionCode
		ADDED from src\main\AndroidManifest.xml:4:5-29
		INJECTED from src\main\AndroidManifest.xml
		INJECTED from src\main\AndroidManifest.xml
	xmlns:android
		ADDED from src\main\AndroidManifest.xml:2:11-69
uses-sdk
ADDED from src\main\AndroidManifest.xml:7:5-9:41
MERGED from [xunjian:slideDateTimePicker:unspecified] AndroidManifest.xml:5:5-7:41
MERGED from [xunjian:PullToRefreshListView:unspecified] AndroidManifest.xml:7:5-43
MERGED from [com.android.support:appcompat-v7:19.1.0] AndroidManifest.xml:18:5-42
MERGED from [com.android.support:support-v4:21.0.3] AndroidManifest.xml:15:5-42
	android:targetSdkVersion
		ADDED from src\main\AndroidManifest.xml:9:9-38
		INJECTED from src\main\AndroidManifest.xml
		INJECTED from src\main\AndroidManifest.xml
	android:minSdkVersion
		ADDED from src\main\AndroidManifest.xml:8:9-35
		INJECTED from src\main\AndroidManifest.xml
		INJECTED from src\main\AndroidManifest.xml
uses-permission#android.permission.INTERNET
ADDED from src\main\AndroidManifest.xml:11:5-67
	android:name
		ADDED from src\main\AndroidManifest.xml:11:22-64
uses-permission#android.permission.READ_PHONE_STATE
ADDED from src\main\AndroidManifest.xml:12:5-75
	android:name
		ADDED from src\main\AndroidManifest.xml:12:22-72
uses-permission#android.permission.ACCESS_NETWORK_STATE
ADDED from src\main\AndroidManifest.xml:13:5-79
	android:name
		ADDED from src\main\AndroidManifest.xml:13:22-76
uses-permission#android.permission.RECEIVE_BOOT_COMPLETED
ADDED from src\main\AndroidManifest.xml:14:5-81
	android:name
		ADDED from src\main\AndroidManifest.xml:14:22-78
uses-permission#android.permission.WRITE_SETTINGS
ADDED from src\main\AndroidManifest.xml:15:5-73
	android:name
		ADDED from src\main\AndroidManifest.xml:15:22-70
uses-permission#android.permission.VIBRATE
ADDED from src\main\AndroidManifest.xml:16:5-66
	android:name
		ADDED from src\main\AndroidManifest.xml:16:22-63
uses-permission#android.permission.WRITE_EXTERNAL_STORAGE
ADDED from src\main\AndroidManifest.xml:17:5-81
	android:name
		ADDED from src\main\AndroidManifest.xml:17:22-78
uses-permission#android.permission.DISABLE_KEYGUARD
ADDED from src\main\AndroidManifest.xml:18:5-75
	android:name
		ADDED from src\main\AndroidManifest.xml:18:22-72
uses-permission#android.permission.ACCESS_COARSE_LOCATION
ADDED from src\main\AndroidManifest.xml:19:5-81
	android:name
		ADDED from src\main\AndroidManifest.xml:19:22-78
uses-permission#android.permission.ACCESS_WIFI_STATE
ADDED from src\main\AndroidManifest.xml:20:5-76
	android:name
		ADDED from src\main\AndroidManifest.xml:20:22-73
uses-permission#baidu.push.permission.WRITE_PUSHINFOPROVIDER.com.swdn
ADDED from src\main\AndroidManifest.xml:23:5-93
	android:name
		ADDED from src\main\AndroidManifest.xml:23:22-90
permission#baidu.push.permission.WRITE_PUSHINFOPROVIDER.com.swdn
ADDED from src\main\AndroidManifest.xml:25:5-27:44
	android:protectionLevel
		ADDED from src\main\AndroidManifest.xml:27:9-41
	android:name
		ADDED from src\main\AndroidManifest.xml:26:9-77
uses-permission#android.permission.CAMERA
ADDED from src\main\AndroidManifest.xml:30:5-65
	android:name
		ADDED from src\main\AndroidManifest.xml:30:22-62
uses-feature#android.hardware.camera
ADDED from src\main\AndroidManifest.xml:33:5-60
	android:name
		ADDED from src\main\AndroidManifest.xml:33:19-57
uses-feature#android.hardware.camera.autofocus
ADDED from src\main\AndroidManifest.xml:34:5-70
	android:name
		ADDED from src\main\AndroidManifest.xml:34:19-67
uses-permission#android.permission.FLASHLIGHT
ADDED from src\main\AndroidManifest.xml:37:5-69
	android:name
		ADDED from src\main\AndroidManifest.xml:37:22-66
uses-permission#android.permission.READ_EXTERNAL_STORAGE
ADDED from src\main\AndroidManifest.xml:38:5-80
	android:name
		ADDED from src\main\AndroidManifest.xml:38:22-77
application
ADDED from src\main\AndroidManifest.xml:40:5-181:19
MERGED from [xunjian:PullToRefreshListView:unspecified] AndroidManifest.xml:9:5-20
MERGED from [com.android.support:appcompat-v7:19.1.0] AndroidManifest.xml:19:5-20
MERGED from [com.android.support:support-v4:21.0.3] AndroidManifest.xml:16:5-19
	android:label
		ADDED from src\main\AndroidManifest.xml:44:9-41
	android:supportsRtl
		ADDED from src\main\AndroidManifest.xml:45:9-35
	android:allowBackup
		ADDED from src\main\AndroidManifest.xml:42:9-35
	android:icon
		ADDED from src\main\AndroidManifest.xml:43:9-42
	android:theme
		ADDED from src\main\AndroidManifest.xml:46:9-40
	android:name
		ADDED from src\main\AndroidManifest.xml:41:9-58
meta-data#com.amap.api.v2.apikey
ADDED from src\main\AndroidManifest.xml:47:9-49:64
	android:value
		ADDED from src\main\AndroidManifest.xml:49:13-61
	android:name
		ADDED from src\main\AndroidManifest.xml:48:13-50
activity#com.swdn.activity_xunjian.MainActivity
ADDED from src\main\AndroidManifest.xml:52:9-57:20
	android:name
		ADDED from src\main\AndroidManifest.xml:52:19-69
intent-filter#android.intent.action.MAIN
ADDED from src\main\AndroidManifest.xml:53:13-56:29
action#android.intent.action.MAIN
ADDED from src\main\AndroidManifest.xml:54:17-69
	android:name
		ADDED from src\main\AndroidManifest.xml:54:25-66
activity#com.swdn.activity_xunjian.DetaiInfoTourInspectionActivity
ADDED from src\main\AndroidManifest.xml:58:9-62:20
	android:name
		ADDED from src\main\AndroidManifest.xml:58:19-88
intent-filter#android.intent.action.com.qiu.listviewoftourinspection.DetaiInfoTourInspectionActivity
ADDED from src\main\AndroidManifest.xml:59:13-61:29
action#android.intent.action.com.qiu.listviewoftourinspection.DetaiInfoTourInspectionActivity
ADDED from src\main\AndroidManifest.xml:60:17-129
	android:name
		ADDED from src\main\AndroidManifest.xml:60:25-126
activity#com.swdn.activity_xunjian.TourInspectionReplyActivity
ADDED from src\main\AndroidManifest.xml:63:9-67:20
	android:name
		ADDED from src\main\AndroidManifest.xml:63:19-84
intent-filter#android.intent.action.com.qiu.listviewoftourinspection.TourInspectionReplyActivity
ADDED from src\main\AndroidManifest.xml:64:13-66:29
action#android.intent.action.com.qiu.listviewoftourinspection.TourInspectionReplyActivity
ADDED from src\main\AndroidManifest.xml:65:17-125
	android:name
		ADDED from src\main\AndroidManifest.xml:65:25-122
activity#com.swdn.xunjian.LoginActivity
ADDED from src\main\AndroidManifest.xml:72:9-82:20
	android:screenOrientation
		ADDED from src\main\AndroidManifest.xml:76:13-49
	android:label
		ADDED from src\main\AndroidManifest.xml:75:13-45
	android:exported
		ADDED from src\main\AndroidManifest.xml:74:13-36
	android:name
		ADDED from src\main\AndroidManifest.xml:73:13-55
intent-filter#android.intent.action.MAIN+android.intent.category.LAUNCHER
ADDED from src\main\AndroidManifest.xml:77:13-81:29
category#android.intent.category.LAUNCHER
ADDED from src\main\AndroidManifest.xml:80:17-77
	android:name
		ADDED from src\main\AndroidManifest.xml:80:27-74
activity#com.swdn.xunjian.HomeActivity
ADDED from src\main\AndroidManifest.xml:83:9-85:44
	android:theme
		ADDED from src\main\AndroidManifest.xml:85:13-41
	android:name
		ADDED from src\main\AndroidManifest.xml:84:13-54
activity#com.swdn.xunjian.InspectionListActivity
ADDED from src\main\AndroidManifest.xml:86:9-73
	android:name
		ADDED from src\main\AndroidManifest.xml:86:19-70
activity#com.swdn.xunjian.CaptureActivity
ADDED from src\main\AndroidManifest.xml:88:9-93:63
	android:screenOrientation
		ADDED from src\main\AndroidManifest.xml:91:13-49
	android:windowSoftInputMode
		ADDED from src\main\AndroidManifest.xml:93:13-60
	android:configChanges
		ADDED from src\main\AndroidManifest.xml:90:13-63
	android:theme
		ADDED from src\main\AndroidManifest.xml:92:13-60
	android:name
		ADDED from src\main\AndroidManifest.xml:89:13-57
activity#com.swdn.activity_qiangxiu.QiangXiu_Main
ADDED from src\main\AndroidManifest.xml:96:9-74
	android:name
		ADDED from src\main\AndroidManifest.xml:96:19-71
activity#com.swdn.activity_qiangxiu.OrderReceive
ADDED from src\main\AndroidManifest.xml:97:9-73
	android:name
		ADDED from src\main\AndroidManifest.xml:97:19-70
activity#com.swdn.activity_qiangxiu.OrderHandle
ADDED from src\main\AndroidManifest.xml:98:9-72
	android:name
		ADDED from src\main\AndroidManifest.xml:98:19-69
activity#com.swdn.activity_qiangxiu.PreplanningInfo
ADDED from src\main\AndroidManifest.xml:99:9-76
	android:name
		ADDED from src\main\AndroidManifest.xml:99:19-73
activity#com.swdn.activity_qiangxiu.AlarmInfo
ADDED from src\main\AndroidManifest.xml:100:9-70
	android:name
		ADDED from src\main\AndroidManifest.xml:100:19-67
activity#com.swdn.activity_qiangxiu.ToolsRemind
ADDED from src\main\AndroidManifest.xml:101:9-72
	android:name
		ADDED from src\main\AndroidManifest.xml:101:19-69
activity#com.amapsw.MapMainActivity
ADDED from src\main\AndroidManifest.xml:106:9-60
	android:name
		ADDED from src\main\AndroidManifest.xml:106:19-57
activity#com.amapsw.BusRouteDetailActivity
ADDED from src\main\AndroidManifest.xml:107:9-67
	android:name
		ADDED from src\main\AndroidManifest.xml:107:19-64
activity#com.amapsw.MapActivity
ADDED from src\main\AndroidManifest.xml:108:9-56
	android:name
		ADDED from src\main\AndroidManifest.xml:108:19-53
activity#com.amapsw.DriveRouteDetailActivity
ADDED from src\main\AndroidManifest.xml:109:9-69
	android:name
		ADDED from src\main\AndroidManifest.xml:109:19-66
activity#com.amapsw.WalkRouteDetailActivity
ADDED from src\main\AndroidManifest.xml:110:9-68
	android:name
		ADDED from src\main\AndroidManifest.xml:110:19-65
activity#com.amapsw.BusRouteMapActivity
ADDED from src\main\AndroidManifest.xml:111:9-64
	android:name
		ADDED from src\main\AndroidManifest.xml:111:19-61
receiver#com.swdn.receiver.MyPushMessageReceiver
ADDED from src\main\AndroidManifest.xml:117:9-126:20
	android:name
		ADDED from src\main\AndroidManifest.xml:117:19-70
intent-filter#com.baidu.android.pushservice.action.MESSAGE+com.baidu.android.pushservice.action.RECEIVE+com.baidu.android.pushservice.action.notification.CLICK
ADDED from src\main\AndroidManifest.xml:118:13-125:29
action#com.baidu.android.pushservice.action.MESSAGE
ADDED from src\main\AndroidManifest.xml:121:17-87
	android:name
		ADDED from src\main\AndroidManifest.xml:121:25-84
action#com.baidu.android.pushservice.action.RECEIVE
ADDED from src\main\AndroidManifest.xml:123:17-87
	android:name
		ADDED from src\main\AndroidManifest.xml:123:25-84
action#com.baidu.android.pushservice.action.notification.CLICK
ADDED from src\main\AndroidManifest.xml:124:17-98
	android:name
		ADDED from src\main\AndroidManifest.xml:124:25-95
receiver#com.baidu.android.pushservice.PushServiceReceiver
ADDED from src\main\AndroidManifest.xml:129:9-143:20
	android:process
		ADDED from src\main\AndroidManifest.xml:131:13-44
	android:name
		ADDED from src\main\AndroidManifest.xml:130:13-74
intent-filter#android.intent.action.ACTION_POWER_CONNECTED+android.intent.action.ACTION_POWER_DISCONNECTED+android.intent.action.BOOT_COMPLETED+android.intent.action.MEDIA_MOUNTED+android.intent.action.USER_PRESENT+android.net.conn.CONNECTIVITY_CHANGE+com.baidu.android.pushservice.action.media.CLICK+com.baidu.android.pushservice.action.notification.SHOW
ADDED from src\main\AndroidManifest.xml:132:13-142:29
action#android.intent.action.BOOT_COMPLETED
ADDED from src\main\AndroidManifest.xml:133:17-79
	android:name
		ADDED from src\main\AndroidManifest.xml:133:25-76
action#android.net.conn.CONNECTIVITY_CHANGE
ADDED from src\main\AndroidManifest.xml:134:17-79
	android:name
		ADDED from src\main\AndroidManifest.xml:134:25-76
action#com.baidu.android.pushservice.action.notification.SHOW
ADDED from src\main\AndroidManifest.xml:135:17-97
	android:name
		ADDED from src\main\AndroidManifest.xml:135:25-94
action#com.baidu.android.pushservice.action.media.CLICK
ADDED from src\main\AndroidManifest.xml:136:17-91
	android:name
		ADDED from src\main\AndroidManifest.xml:136:25-88
action#android.intent.action.MEDIA_MOUNTED
ADDED from src\main\AndroidManifest.xml:138:17-78
	android:name
		ADDED from src\main\AndroidManifest.xml:138:25-75
action#android.intent.action.USER_PRESENT
ADDED from src\main\AndroidManifest.xml:139:17-77
	android:name
		ADDED from src\main\AndroidManifest.xml:139:25-74
action#android.intent.action.ACTION_POWER_CONNECTED
ADDED from src\main\AndroidManifest.xml:140:17-87
	android:name
		ADDED from src\main\AndroidManifest.xml:140:25-84
action#android.intent.action.ACTION_POWER_DISCONNECTED
ADDED from src\main\AndroidManifest.xml:141:17-90
	android:name
		ADDED from src\main\AndroidManifest.xml:141:25-87
receiver#com.baidu.android.pushservice.RegistrationReceiver
ADDED from src\main\AndroidManifest.xml:144:9-156:20
	android:process
		ADDED from src\main\AndroidManifest.xml:146:13-44
	android:name
		ADDED from src\main\AndroidManifest.xml:145:13-75
intent-filter#com.baidu.android.pushservice.action.BIND_SYNC+com.baidu.android.pushservice.action.METHOD
ADDED from src\main\AndroidManifest.xml:147:13-150:29
action#com.baidu.android.pushservice.action.METHOD
ADDED from src\main\AndroidManifest.xml:148:17-86
	android:name
		ADDED from src\main\AndroidManifest.xml:148:25-83
action#com.baidu.android.pushservice.action.BIND_SYNC
ADDED from src\main\AndroidManifest.xml:149:17-89
	android:name
		ADDED from src\main\AndroidManifest.xml:149:25-86
intent-filter#android.intent.action.PACKAGE_REMOVED
ADDED from src\main\AndroidManifest.xml:151:13-155:29
action#android.intent.action.PACKAGE_REMOVED
ADDED from src\main\AndroidManifest.xml:152:17-80
	android:name
		ADDED from src\main\AndroidManifest.xml:152:25-77
data
ADDED from src\main\AndroidManifest.xml:154:17-50
	android:scheme
		ADDED from src\main\AndroidManifest.xml:154:23-47
service#com.baidu.android.pushservice.PushService
ADDED from src\main\AndroidManifest.xml:158:9-165:19
	android:process
		ADDED from src\main\AndroidManifest.xml:161:13-44
	android:exported
		ADDED from src\main\AndroidManifest.xml:160:13-36
	android:name
		ADDED from src\main\AndroidManifest.xml:159:13-66
intent-filter#com.baidu.android.pushservice.action.PUSH_SERVICE
ADDED from src\main\AndroidManifest.xml:162:13-164:29
action#com.baidu.android.pushservice.action.PUSH_SERVICE
ADDED from src\main\AndroidManifest.xml:163:17-92
	android:name
		ADDED from src\main\AndroidManifest.xml:163:25-89
service#com.baidu.android.pushservice.CommandService
ADDED from src\main\AndroidManifest.xml:166:9-168:39
	android:exported
		ADDED from src\main\AndroidManifest.xml:168:13-36
	android:name
		ADDED from src\main\AndroidManifest.xml:167:13-69
provider#com.baidu.android.pushservice.PushInfoProvider
ADDED from src\main\AndroidManifest.xml:171:9-176:95
	android:authorities
		ADDED from src\main\AndroidManifest.xml:173:13-50
	android:protectionLevel
		ADDED from src\main\AndroidManifest.xml:175:13-48
	android:exported
		ADDED from src\main\AndroidManifest.xml:174:13-36
	android:name
		ADDED from src\main\AndroidManifest.xml:172:13-71
	android:writePermission
		ADDED from src\main\AndroidManifest.xml:176:13-92
activity#com.swdn.activity_xunshi.XunShi_Main
ADDED from src\main\AndroidManifest.xml:178:9-70
	android:name
		ADDED from src\main\AndroidManifest.xml:178:19-67
activity#com.swdn.activity_xunshi.OrderHandle
ADDED from src\main\AndroidManifest.xml:179:9-70
	android:name
		ADDED from src\main\AndroidManifest.xml:179:19-67
activity#com.swdn.activity_xunshi.OrderReceive
ADDED from src\main\AndroidManifest.xml:180:9-71
	android:name
		ADDED from src\main\AndroidManifest.xml:180:19-68